INFO [2023-11-19 21:01:30] $x
INFO [2023-11-19 21:01:30] list(B, C, A, D)
INFO [2023-11-19 21:01:30] 
INFO [2023-11-19 21:01:30] $category.names
INFO [2023-11-19 21:01:30] c("Swiss", "HERB", "PharmMapper", "SymMap")
INFO [2023-11-19 21:01:30] 
INFO [2023-11-19 21:01:30] $filename
INFO [2023-11-19 21:01:30] [1] "./figure/VennPlot_target_GMK_4herb.tiff"
INFO [2023-11-19 21:01:30] 
INFO [2023-11-19 21:01:30] $euler.d
INFO [2023-11-19 21:01:30] F
INFO [2023-11-19 21:01:30] 
INFO [2023-11-19 21:01:30] $scaled
INFO [2023-11-19 21:01:30] F
INFO [2023-11-19 21:01:30] 
INFO [2023-11-19 21:01:30] $lty
INFO [2023-11-19 21:01:30] [1] "blank"
INFO [2023-11-19 21:01:30] 
INFO [2023-11-19 21:01:30] $fill
INFO [2023-11-19 21:01:30] c("#FEB26D", "purple", "lightyellow", "greenyellow")
INFO [2023-11-19 21:01:30] 
INFO [2023-11-19 21:01:30] $alpha
INFO [2023-11-19 21:01:30] [1] 0.5
INFO [2023-11-19 21:01:30] 
INFO [2023-11-19 21:01:30] $cex
INFO [2023-11-19 21:01:30] [1] 1.2
INFO [2023-11-19 21:01:30] 
INFO [2023-11-19 21:01:30] $cat.cex
INFO [2023-11-19 21:01:30] [1] 1.2
INFO [2023-11-19 21:01:30] 
INFO [2023-11-19 21:01:30] $cat.fontfamily
INFO [2023-11-19 21:01:30] [1] "serif"
INFO [2023-11-19 21:01:30] 
